#! /c/Source/iverilog-install/bin/vvp
:ivl_version "12.0 (devel)" "(s20150603-1110-g18392a46)";
:ivl_delay_selection "TYPICAL";
:vpi_time_precision + 0;
:vpi_module "C:\iverilog\lib\ivl\system.vpi";
:vpi_module "C:\iverilog\lib\ivl\vhdl_sys.vpi";
:vpi_module "C:\iverilog\lib\ivl\vhdl_textio.vpi";
:vpi_module "C:\iverilog\lib\ivl\v2005_math.vpi";
:vpi_module "C:\iverilog\lib\ivl\va_math.vpi";
S_000001d85387ecc0 .scope module, "En_De_Top_tb" "En_De_Top_tb" 2 4;
 .timescale 0 0;
P_000001d8538534d0 .param/l "DATA_SIZE" 0 2 7, +C4<00000000000000000000000000010000>;
P_000001d853853508 .param/l "POLY_SIZE" 0 2 8, +C4<00000000000000000000000000010000>;
P_000001d853853540 .param/l "SCALE_FACTOR" 0 2 9, +C4<00000000000000000000000000000010>;
v000001d8538e90a0_0 .var "clk", 0 0;
v000001d8538e9d20_0 .var "data_in", 15 0;
v000001d8538e9e60_0 .net "data_out", 15 0, v000001d853853370_0;  1 drivers
v000001d8538e9460_0 .net "encoded_data", 287 0, L_000001d853891080;  1 drivers
v000001d8538e9b40_0 .var "reset", 0 0;
S_000001d85388dc20 .scope module, "DUT" "En_De_Top" 2 23, 3 5 0, S_000001d85387ecc0;
 .timescale 0 0;
    .port_info 0 /INPUT 1 "clk";
    .port_info 1 /INPUT 1 "reset";
    .port_info 2 /INPUT 16 "data_in";
    .port_info 3 /OUTPUT 288 "encoded_data";
    .port_info 4 /OUTPUT 16 "data_out";
P_000001d85388ddb0 .param/l "DATA_SIZE" 0 3 6, +C4<00000000000000000000000000010000>;
P_000001d85388dde8 .param/l "POLY_SIZE" 0 3 7, +C4<00000000000000000000000000010000>;
P_000001d85388de20 .param/l "SCALE_FACTOR" 0 3 8, +C4<00000000000000000000000000000010>;
L_000001d853891080 .functor BUFZ 288, v000001d853853180_0, C4<000000000000000000000000000000000000000000000000000000000000000000000000000000000000000000000000000000000000000000000000000000000000000000000000000000000000000000000000000000000000000000000000000000000000000000000000000000000000000000000000000000000000000000000000000000000000000000000000>, C4<000000000000000000000000000000000000000000000000000000000000000000000000000000000000000000000000000000000000000000000000000000000000000000000000000000000000000000000000000000000000000000000000000000000000000000000000000000000000000000000000000000000000000000000000000000000000000000000000>, C4<000000000000000000000000000000000000000000000000000000000000000000000000000000000000000000000000000000000000000000000000000000000000000000000000000000000000000000000000000000000000000000000000000000000000000000000000000000000000000000000000000000000000000000000000000000000000000000000000>;
v000001d853884e60_0 .net "clk", 0 0, v000001d8538e90a0_0;  1 drivers
v000001d853884f00_0 .net "data_in", 15 0, v000001d8538e9d20_0;  1 drivers
v000001d8538e98c0_0 .net "data_out", 15 0, v000001d853853370_0;  alias, 1 drivers
v000001d8538e9960_0 .net "encoded_data", 287 0, L_000001d853891080;  alias, 1 drivers
v000001d8538e9140_0 .net "reset", 0 0, v000001d8538e9b40_0;  1 drivers
v000001d8538e9aa0_0 .net "w_encoded_data", 287 0, v000001d853853180_0;  1 drivers
S_000001d85388de60 .scope module, "D1" "Decoder" 3 24, 4 3 0, S_000001d85388dc20;
 .timescale 0 0;
    .port_info 0 /INPUT 288 "poly_coeff";
    .port_info 1 /OUTPUT 16 "binary_data";
P_000001d85388dff0 .param/l "OUTPUT_WIDTH" 0 4 5, +C4<00000000000000000000000000010000>;
P_000001d85388e028 .param/l "POLY_SIZE" 0 4 4, +C4<00000000000000000000000000010000>;
P_000001d85388e060 .param/l "SCALE_FACTOR" 0 4 6, +C4<00000000000000000000000000000010>;
v000001d853853370_0 .var "binary_data", 15 0;
v000001d85388a500_0 .net "poly_coeff", 287 0, v000001d853853180_0;  alias, 1 drivers
v000001d853889770_0 .var "selected_coeff", 17 0;
E_000001d8538803f0 .event anyedge, v000001d85388a500_0, v000001d853889770_0;
S_000001d853852d60 .scope module, "E1" "Encoder" 3 23, 5 2 0, S_000001d85388dc20;
 .timescale 0 0;
    .port_info 0 /INPUT 1 "clk";
    .port_info 1 /INPUT 1 "reset";
    .port_info 2 /INPUT 16 "binary_data";
    .port_info 3 /OUTPUT 288 "poly_coeff";
P_000001d853852ef0 .param/l "INPUT_WIDTH" 0 5 4, +C4<00000000000000000000000000010000>;
P_000001d853852f28 .param/l "POLY_SIZE" 0 5 3, +C4<00000000000000000000000000010000>;
P_000001d853852f60 .param/l "SCALE_FACTOR" 0 5 5, +C4<00000000000000000000000000000010>;
v000001d853852fa0_0 .net "binary_data", 15 0, v000001d8538e9d20_0;  alias, 1 drivers
v000001d853853040_0 .net "clk", 0 0, v000001d8538e90a0_0;  alias, 1 drivers
v000001d8538530e0_0 .var/i "i", 31 0;
v000001d853853180_0 .var "poly_coeff", 287 0;
v000001d853884d20 .array "poly_internal", 15 0, 17 0;
v000001d853884dc0_0 .net "reset", 0 0, v000001d8538e9b40_0;  alias, 1 drivers
v000001d853884d20_0 .array/port v000001d853884d20, 0;
v000001d853884d20_1 .array/port v000001d853884d20, 1;
v000001d853884d20_2 .array/port v000001d853884d20, 2;
v000001d853884d20_3 .array/port v000001d853884d20, 3;
E_000001d85387fc30/0 .event anyedge, v000001d853884d20_0, v000001d853884d20_1, v000001d853884d20_2, v000001d853884d20_3;
v000001d853884d20_4 .array/port v000001d853884d20, 4;
v000001d853884d20_5 .array/port v000001d853884d20, 5;
v000001d853884d20_6 .array/port v000001d853884d20, 6;
v000001d853884d20_7 .array/port v000001d853884d20, 7;
E_000001d85387fc30/1 .event anyedge, v000001d853884d20_4, v000001d853884d20_5, v000001d853884d20_6, v000001d853884d20_7;
v000001d853884d20_8 .array/port v000001d853884d20, 8;
v000001d853884d20_9 .array/port v000001d853884d20, 9;
v000001d853884d20_10 .array/port v000001d853884d20, 10;
v000001d853884d20_11 .array/port v000001d853884d20, 11;
E_000001d85387fc30/2 .event anyedge, v000001d853884d20_8, v000001d853884d20_9, v000001d853884d20_10, v000001d853884d20_11;
v000001d853884d20_12 .array/port v000001d853884d20, 12;
v000001d853884d20_13 .array/port v000001d853884d20, 13;
v000001d853884d20_14 .array/port v000001d853884d20, 14;
v000001d853884d20_15 .array/port v000001d853884d20, 15;
E_000001d85387fc30/3 .event anyedge, v000001d853884d20_12, v000001d853884d20_13, v000001d853884d20_14, v000001d853884d20_15;
E_000001d85387fc30 .event/or E_000001d85387fc30/0, E_000001d85387fc30/1, E_000001d85387fc30/2, E_000001d85387fc30/3;
E_000001d853880430 .event posedge, v000001d853884dc0_0, v000001d853853040_0;
    .scope S_000001d853852d60;
T_0 ;
    %wait E_000001d853880430;
    %load/vec4 v000001d853884dc0_0;
    %flag_set/vec4 8;
    %jmp/0xz  T_0.0, 8;
    %pushi/vec4 0, 0, 32;
    %store/vec4 v000001d8538530e0_0, 0, 32;
T_0.2 ;
    %load/vec4 v000001d8538530e0_0;
    %cmpi/s 16, 0, 32;
    %jmp/0xz T_0.3, 5;
    %pushi/vec4 0, 0, 18;
    %ix/getv/s 3, v000001d8538530e0_0;
    %ix/load 4, 0, 0; Constant delay
    %assign/vec4/a/d v000001d853884d20, 0, 4;
    ; show_stmt_assign_vector: Get l-value for compressed += operand
    %load/vec4 v000001d8538530e0_0;
    %pushi/vec4 1, 0, 32;
    %add;
    %store/vec4 v000001d8538530e0_0, 0, 32;
    %jmp T_0.2;
T_0.3 ;
    %jmp T_0.1;
T_0.0 ;
    %pushi/vec4 0, 0, 32;
    %store/vec4 v000001d8538530e0_0, 0, 32;
T_0.4 ;
    %load/vec4 v000001d8538530e0_0;
    %cmpi/s 16, 0, 32;
    %jmp/0xz T_0.5, 5;
    %load/vec4 v000001d853852fa0_0;
    %pad/u 18;
    %ix/load 4, 2, 0;
    %flag_set/imm 4, 0;
    %shiftl 4;
    %ix/getv/s 3, v000001d8538530e0_0;
    %ix/load 4, 0, 0; Constant delay
    %assign/vec4/a/d v000001d853884d20, 0, 4;
    ; show_stmt_assign_vector: Get l-value for compressed += operand
    %load/vec4 v000001d8538530e0_0;
    %pushi/vec4 1, 0, 32;
    %add;
    %store/vec4 v000001d8538530e0_0, 0, 32;
    %jmp T_0.4;
T_0.5 ;
T_0.1 ;
    %jmp T_0;
    .thread T_0;
    .scope S_000001d853852d60;
T_1 ;
    %wait E_000001d85387fc30;
    %pushi/vec4 0, 0, 32;
    %store/vec4 v000001d8538530e0_0, 0, 32;
T_1.0 ;
    %load/vec4 v000001d8538530e0_0;
    %cmpi/s 16, 0, 32;
    %jmp/0xz T_1.1, 5;
    %ix/getv/s 4, v000001d8538530e0_0;
    %load/vec4a v000001d853884d20, 4;
    %load/vec4 v000001d8538530e0_0;
    %addi 1, 0, 32;
    %muli 18, 0, 32;
    %subi 1, 0, 32;
    %pad/s 34;
    %subi 17, 0, 34;
    %ix/vec4/s 4;
    %store/vec4 v000001d853853180_0, 4, 18;
    %load/vec4 v000001d8538530e0_0;
    %addi 1, 0, 32;
    %store/vec4 v000001d8538530e0_0, 0, 32;
    %jmp T_1.0;
T_1.1 ;
    %jmp T_1;
    .thread T_1, $push;
    .scope S_000001d85388de60;
T_2 ;
    %wait E_000001d8538803f0;
    %load/vec4 v000001d85388a500_0;
    %parti/s 18, 0, 2;
    %store/vec4 v000001d853889770_0, 0, 18;
    %load/vec4 v000001d853889770_0;
    %ix/load 4, 2, 0;
    %flag_set/imm 4, 0;
    %shiftr 4;
    %pad/u 16;
    %assign/vec4 v000001d853853370_0, 0;
    %jmp T_2;
    .thread T_2, $push;
    .scope S_000001d85387ecc0;
T_3 ;
    %pushi/vec4 0, 0, 1;
    %store/vec4 v000001d8538e90a0_0, 0, 1;
T_3.0 ;
    %delay 5, 0;
    %load/vec4 v000001d8538e90a0_0;
    %inv;
    %store/vec4 v000001d8538e90a0_0, 0, 1;
    %jmp T_3.0;
    %end;
    .thread T_3;
    .scope S_000001d85387ecc0;
T_4 ;
    %pushi/vec4 1, 0, 1;
    %store/vec4 v000001d8538e9b40_0, 0, 1;
    %pushi/vec4 0, 0, 16;
    %store/vec4 v000001d8538e9d20_0, 0, 16;
    %delay 20, 0;
    %pushi/vec4 0, 0, 1;
    %store/vec4 v000001d8538e9b40_0, 0, 1;
    %delay 10, 0;
    %pushi/vec4 5, 0, 16;
    %store/vec4 v000001d8538e9d20_0, 0, 16;
    %delay 20, 0;
    %vpi_call 2 51 "$display", "Input: %d, Encoded: %d, Decoded: %d", v000001d8538e9d20_0, v000001d8538e9460_0, v000001d8538e9e60_0 {0 0 0};
    %delay 10, 0;
    %pushi/vec4 25, 0, 16;
    %store/vec4 v000001d8538e9d20_0, 0, 16;
    %delay 20, 0;
    %vpi_call 2 58 "$display", "Input: %d, Encoded: %d, Decoded: %d", v000001d8538e9d20_0, v000001d8538e9460_0, v000001d8538e9e60_0 {0 0 0};
    %delay 10, 0;
    %pushi/vec4 123, 0, 16;
    %store/vec4 v000001d8538e9d20_0, 0, 16;
    %delay 20, 0;
    %vpi_call 2 65 "$display", "Input: %d, Encoded: %d, Decoded: %d", v000001d8538e9d20_0, v000001d8538e9460_0, v000001d8538e9e60_0 {0 0 0};
    %delay 10, 0;
    %pushi/vec4 0, 0, 16;
    %store/vec4 v000001d8538e9d20_0, 0, 16;
    %delay 20, 0;
    %vpi_call 2 72 "$display", "Input: %d, Encoded: %d, Decoded: %d", v000001d8538e9d20_0, v000001d8538e9460_0, v000001d8538e9e60_0 {0 0 0};
    %delay 10, 0;
    %pushi/vec4 65535, 0, 16;
    %store/vec4 v000001d8538e9d20_0, 0, 16;
    %delay 20, 0;
    %vpi_call 2 79 "$display", "Input: %d, Encoded: %d, Decoded: %d", v000001d8538e9d20_0, v000001d8538e9460_0, v000001d8538e9e60_0 {0 0 0};
    %delay 50, 0;
    %vpi_call 2 82 "$finish" {0 0 0};
    %end;
    .thread T_4;
    .scope S_000001d85387ecc0;
T_5 ;
    %vpi_call 2 87 "$dumpfile", "output.vcd" {0 0 0};
    %vpi_call 2 88 "$dumpvars", 32'sb00000000000000000000000000000001 {0 0 0};
    %end;
    .thread T_5;
# The file index is used to find the file name in the following table.
:file_names 6;
    "N/A";
    "<interactive>";
    "En_De_Top_tb.v";
    "./En_De_Top.v";
    "./Decoder.v";
    "./Encoder.v";
