#! /c/Source/iverilog-install/bin/vvp
:ivl_version "12.0 (devel)" "(s20150603-1110-g18392a46)";
:ivl_delay_selection "TYPICAL";
:vpi_time_precision + 0;
:vpi_module "C:\iverilog\lib\ivl\system.vpi";
:vpi_module "C:\iverilog\lib\ivl\vhdl_sys.vpi";
:vpi_module "C:\iverilog\lib\ivl\vhdl_textio.vpi";
:vpi_module "C:\iverilog\lib\ivl\v2005_math.vpi";
:vpi_module "C:\iverilog\lib\ivl\va_math.vpi";
S_00000182b24ea200 .scope module, "En_De_Top" "En_De_Top" 2 5;
 .timescale 0 0;
    .port_info 0 /INPUT 1 "clk";
    .port_info 1 /INPUT 1 "reset";
    .port_info 2 /INPUT 16 "data_in";
    .port_info 3 /OUTPUT 288 "encoded_data";
    .port_info 4 /OUTPUT 16 "data_out";
P_00000182b24b3490 .param/l "DATA_SIZE" 0 2 6, +C4<00000000000000000000000000010000>;
P_00000182b24b34c8 .param/l "POLY_SIZE" 0 2 7, +C4<00000000000000000000000000010000>;
P_00000182b24b3500 .param/l "SCALE_FACTOR" 0 2 8, +C4<00000000000000000000000000000010>;
L_00000182b24d71f0 .functor BUFZ 288, v00000182b24b2e60_0, C4<000000000000000000000000000000000000000000000000000000000000000000000000000000000000000000000000000000000000000000000000000000000000000000000000000000000000000000000000000000000000000000000000000000000000000000000000000000000000000000000000000000000000000000000000000000000000000000000000>, C4<000000000000000000000000000000000000000000000000000000000000000000000000000000000000000000000000000000000000000000000000000000000000000000000000000000000000000000000000000000000000000000000000000000000000000000000000000000000000000000000000000000000000000000000000000000000000000000000000>, C4<000000000000000000000000000000000000000000000000000000000000000000000000000000000000000000000000000000000000000000000000000000000000000000000000000000000000000000000000000000000000000000000000000000000000000000000000000000000000000000000000000000000000000000000000000000000000000000000000>;
o00000182b24ef0f8 .functor BUFZ 1, C4<z>; HiZ drive
v00000182b24b3040_0 .net "clk", 0 0, o00000182b24ef0f8;  0 drivers
o00000182b24ef0c8 .functor BUFZ 16, C4<zzzzzzzzzzzzzzzz>; HiZ drive
v00000182b24b30e0_0 .net "data_in", 15 0, o00000182b24ef0c8;  0 drivers
v00000182b253b840_0 .net "data_out", 15 0, v00000182b24ea520_0;  1 drivers
v00000182b253bc50_0 .net "encoded_data", 287 0, L_00000182b24d71f0;  1 drivers
o00000182b24ef458 .functor BUFZ 1, C4<z>; HiZ drive
v00000182b253c3d0_0 .net "reset", 0 0, o00000182b24ef458;  0 drivers
v00000182b253c830_0 .net "w_encoded_data", 287 0, v00000182b24b2e60_0;  1 drivers
S_00000182b24ea390 .scope module, "D1" "Decoder" 2 24, 3 3 0, S_00000182b24ea200;
 .timescale 0 0;
    .port_info 0 /INPUT 288 "poly_coeff";
    .port_info 1 /OUTPUT 16 "binary_data";
P_00000182b24e9370 .param/l "OUTPUT_WIDTH" 0 3 5, +C4<00000000000000000000000000010000>;
P_00000182b24e93a8 .param/l "POLY_SIZE" 0 3 4, +C4<00000000000000000000000000010000>;
P_00000182b24e93e0 .param/l "SCALE_FACTOR" 0 3 6, +C4<00000000000000000000000000000010>;
v00000182b24ea520_0 .var "binary_data", 15 0;
v00000182b24b3330_0 .net "poly_coeff", 287 0, v00000182b24b2e60_0;  alias, 1 drivers
v00000182b24e4e40_0 .var "selected_coeff", 17 0;
E_00000182b228a000 .event anyedge, v00000182b24b3330_0, v00000182b24e4e40_0;
S_00000182b24e4ee0 .scope module, "E1" "Encoder" 2 23, 4 2 0, S_00000182b24ea200;
 .timescale 0 0;
    .port_info 0 /INPUT 1 "clk";
    .port_info 1 /INPUT 1 "reset";
    .port_info 2 /INPUT 16 "binary_data";
    .port_info 3 /OUTPUT 288 "poly_coeff";
P_00000182b24e5070 .param/l "INPUT_WIDTH" 0 4 4, +C4<00000000000000000000000000010000>;
P_00000182b24e50a8 .param/l "POLY_SIZE" 0 4 3, +C4<00000000000000000000000000010000>;
P_00000182b24e50e0 .param/l "SCALE_FACTOR" 0 4 5, +C4<00000000000000000000000000000010>;
v00000182b24e5120_0 .net "binary_data", 15 0, o00000182b24ef0c8;  alias, 0 drivers
v00000182b24b2d20_0 .net "clk", 0 0, o00000182b24ef0f8;  alias, 0 drivers
v00000182b24b2dc0_0 .var/i "i", 31 0;
v00000182b24b2e60_0 .var "poly_coeff", 287 0;
v00000182b24b2f00 .array "poly_internal", 15 0, 17 0;
v00000182b24b2fa0_0 .net "reset", 0 0, o00000182b24ef458;  alias, 0 drivers
v00000182b24b2f00_0 .array/port v00000182b24b2f00, 0;
v00000182b24b2f00_1 .array/port v00000182b24b2f00, 1;
v00000182b24b2f00_2 .array/port v00000182b24b2f00, 2;
v00000182b24b2f00_3 .array/port v00000182b24b2f00, 3;
E_00000182b22893c0/0 .event anyedge, v00000182b24b2f00_0, v00000182b24b2f00_1, v00000182b24b2f00_2, v00000182b24b2f00_3;
v00000182b24b2f00_4 .array/port v00000182b24b2f00, 4;
v00000182b24b2f00_5 .array/port v00000182b24b2f00, 5;
v00000182b24b2f00_6 .array/port v00000182b24b2f00, 6;
v00000182b24b2f00_7 .array/port v00000182b24b2f00, 7;
E_00000182b22893c0/1 .event anyedge, v00000182b24b2f00_4, v00000182b24b2f00_5, v00000182b24b2f00_6, v00000182b24b2f00_7;
v00000182b24b2f00_8 .array/port v00000182b24b2f00, 8;
v00000182b24b2f00_9 .array/port v00000182b24b2f00, 9;
v00000182b24b2f00_10 .array/port v00000182b24b2f00, 10;
v00000182b24b2f00_11 .array/port v00000182b24b2f00, 11;
E_00000182b22893c0/2 .event anyedge, v00000182b24b2f00_8, v00000182b24b2f00_9, v00000182b24b2f00_10, v00000182b24b2f00_11;
v00000182b24b2f00_12 .array/port v00000182b24b2f00, 12;
v00000182b24b2f00_13 .array/port v00000182b24b2f00, 13;
v00000182b24b2f00_14 .array/port v00000182b24b2f00, 14;
v00000182b24b2f00_15 .array/port v00000182b24b2f00, 15;
E_00000182b22893c0/3 .event anyedge, v00000182b24b2f00_12, v00000182b24b2f00_13, v00000182b24b2f00_14, v00000182b24b2f00_15;
E_00000182b22893c0 .event/or E_00000182b22893c0/0, E_00000182b22893c0/1, E_00000182b22893c0/2, E_00000182b22893c0/3;
E_00000182b2289440 .event posedge, v00000182b24b2fa0_0, v00000182b24b2d20_0;
    .scope S_00000182b24e4ee0;
T_0 ;
    %wait E_00000182b2289440;
    %load/vec4 v00000182b24b2fa0_0;
    %flag_set/vec4 8;
    %jmp/0xz  T_0.0, 8;
    %pushi/vec4 0, 0, 32;
    %store/vec4 v00000182b24b2dc0_0, 0, 32;
T_0.2 ;
    %load/vec4 v00000182b24b2dc0_0;
    %cmpi/s 16, 0, 32;
    %jmp/0xz T_0.3, 5;
    %pushi/vec4 0, 0, 18;
    %ix/getv/s 3, v00000182b24b2dc0_0;
    %ix/load 4, 0, 0; Constant delay
    %assign/vec4/a/d v00000182b24b2f00, 0, 4;
    ; show_stmt_assign_vector: Get l-value for compressed += operand
    %load/vec4 v00000182b24b2dc0_0;
    %pushi/vec4 1, 0, 32;
    %add;
    %store/vec4 v00000182b24b2dc0_0, 0, 32;
    %jmp T_0.2;
T_0.3 ;
    %jmp T_0.1;
T_0.0 ;
    %pushi/vec4 0, 0, 32;
    %store/vec4 v00000182b24b2dc0_0, 0, 32;
T_0.4 ;
    %load/vec4 v00000182b24b2dc0_0;
    %cmpi/s 16, 0, 32;
    %jmp/0xz T_0.5, 5;
    %load/vec4 v00000182b24e5120_0;
    %pad/u 18;
    %ix/load 4, 2, 0;
    %flag_set/imm 4, 0;
    %shiftl 4;
    %ix/getv/s 3, v00000182b24b2dc0_0;
    %ix/load 4, 0, 0; Constant delay
    %assign/vec4/a/d v00000182b24b2f00, 0, 4;
    ; show_stmt_assign_vector: Get l-value for compressed += operand
    %load/vec4 v00000182b24b2dc0_0;
    %pushi/vec4 1, 0, 32;
    %add;
    %store/vec4 v00000182b24b2dc0_0, 0, 32;
    %jmp T_0.4;
T_0.5 ;
T_0.1 ;
    %jmp T_0;
    .thread T_0;
    .scope S_00000182b24e4ee0;
T_1 ;
    %wait E_00000182b22893c0;
    %pushi/vec4 0, 0, 32;
    %store/vec4 v00000182b24b2dc0_0, 0, 32;
T_1.0 ;
    %load/vec4 v00000182b24b2dc0_0;
    %cmpi/s 16, 0, 32;
    %jmp/0xz T_1.1, 5;
    %ix/getv/s 4, v00000182b24b2dc0_0;
    %load/vec4a v00000182b24b2f00, 4;
    %load/vec4 v00000182b24b2dc0_0;
    %addi 1, 0, 32;
    %muli 18, 0, 32;
    %subi 1, 0, 32;
    %pad/s 34;
    %subi 17, 0, 34;
    %ix/vec4/s 4;
    %store/vec4 v00000182b24b2e60_0, 4, 18;
    %load/vec4 v00000182b24b2dc0_0;
    %addi 1, 0, 32;
    %store/vec4 v00000182b24b2dc0_0, 0, 32;
    %jmp T_1.0;
T_1.1 ;
    %jmp T_1;
    .thread T_1, $push;
    .scope S_00000182b24ea390;
T_2 ;
    %wait E_00000182b228a000;
    %load/vec4 v00000182b24b3330_0;
    %parti/s 18, 0, 2;
    %store/vec4 v00000182b24e4e40_0, 0, 18;
    %load/vec4 v00000182b24e4e40_0;
    %ix/load 4, 2, 0;
    %flag_set/imm 4, 0;
    %shiftr 4;
    %pad/u 16;
    %assign/vec4 v00000182b24ea520_0, 0;
    %jmp T_2;
    .thread T_2, $push;
# The file index is used to find the file name in the following table.
:file_names 5;
    "N/A";
    "<interactive>";
    "En_De_Top.v";
    "./Decoder.v";
    "./Encoder.v";
