#! /c/Source/iverilog-install/bin/vvp
:ivl_version "12.0 (devel)" "(s20150603-1110-g18392a46)";
:ivl_delay_selection "TYPICAL";
:vpi_time_precision + 0;
:vpi_module "C:\iverilog\lib\ivl\system.vpi";
:vpi_module "C:\iverilog\lib\ivl\vhdl_sys.vpi";
:vpi_module "C:\iverilog\lib\ivl\vhdl_textio.vpi";
:vpi_module "C:\iverilog\lib\ivl\v2005_math.vpi";
:vpi_module "C:\iverilog\lib\ivl\va_math.vpi";
S_00000291b69cbb20 .scope module, "Encoder_tb" "Encoder_tb" 2 3;
 .timescale 0 0;
P_00000291b69cbcb0 .param/l "INPUT_WIDTH" 0 2 7, +C4<00000000000000000000000000010000>;
P_00000291b69cbce8 .param/l "POLY_SIZE" 0 2 6, +C4<00000000000000000000000000010000>;
P_00000291b69cbd20 .param/l "SCALE_FACTOR" 0 2 8, +C4<00000000000000000000000000001010>;
v00000291b6869a40_0 .var "binary_data", 15 0;
v00000291b6861aa0_0 .var "clk", 0 0;
v00000291b6861b40_0 .var "index", 3 0;
v00000291b6861be0_0 .net "poly_coeff", 415 0, v00000291b6869860_0;  1 drivers
v00000291b6861c80_0 .var "reset", 0 0;
S_00000291b6869630 .scope module, "dut" "Encoder" 2 22, 3 3 0, S_00000291b69cbb20;
 .timescale 0 0;
    .port_info 0 /INPUT 1 "clk";
    .port_info 1 /INPUT 1 "reset";
    .port_info 2 /INPUT 16 "binary_data";
    .port_info 3 /INPUT 4 "index";
    .port_info 4 /OUTPUT 416 "poly_coeff";
P_00000291b69cbd60 .param/l "INPUT_WIDTH" 0 3 5, +C4<00000000000000000000000000010000>;
P_00000291b69cbd98 .param/l "POLY_SIZE" 0 3 4, +C4<00000000000000000000000000010000>;
P_00000291b69cbdd0 .param/l "SCALE_FACTOR" 0 3 6, +C4<00000000000000000000000000001010>;
v00000291b69c6a10_0 .net "binary_data", 15 0, v00000291b6869a40_0;  1 drivers
v00000291b69c68b0_0 .net "clk", 0 0, v00000291b6861aa0_0;  1 drivers
v00000291b69c66b0_0 .var/i "i", 31 0;
v00000291b68697c0_0 .net "index", 3 0, v00000291b6861b40_0;  1 drivers
v00000291b6869860_0 .var "poly_coeff", 415 0;
v00000291b6869900 .array "poly_internal", 15 0, 25 0;
v00000291b68699a0_0 .net "reset", 0 0, v00000291b6861c80_0;  1 drivers
v00000291b6869900_0 .array/port v00000291b6869900, 0;
v00000291b6869900_1 .array/port v00000291b6869900, 1;
v00000291b6869900_2 .array/port v00000291b6869900, 2;
v00000291b6869900_3 .array/port v00000291b6869900, 3;
E_00000291b6857ae0/0 .event anyedge, v00000291b6869900_0, v00000291b6869900_1, v00000291b6869900_2, v00000291b6869900_3;
v00000291b6869900_4 .array/port v00000291b6869900, 4;
v00000291b6869900_5 .array/port v00000291b6869900, 5;
v00000291b6869900_6 .array/port v00000291b6869900, 6;
v00000291b6869900_7 .array/port v00000291b6869900, 7;
E_00000291b6857ae0/1 .event anyedge, v00000291b6869900_4, v00000291b6869900_5, v00000291b6869900_6, v00000291b6869900_7;
v00000291b6869900_8 .array/port v00000291b6869900, 8;
v00000291b6869900_9 .array/port v00000291b6869900, 9;
v00000291b6869900_10 .array/port v00000291b6869900, 10;
v00000291b6869900_11 .array/port v00000291b6869900, 11;
E_00000291b6857ae0/2 .event anyedge, v00000291b6869900_8, v00000291b6869900_9, v00000291b6869900_10, v00000291b6869900_11;
v00000291b6869900_12 .array/port v00000291b6869900, 12;
v00000291b6869900_13 .array/port v00000291b6869900, 13;
v00000291b6869900_14 .array/port v00000291b6869900, 14;
v00000291b6869900_15 .array/port v00000291b6869900, 15;
E_00000291b6857ae0/3 .event anyedge, v00000291b6869900_12, v00000291b6869900_13, v00000291b6869900_14, v00000291b6869900_15;
E_00000291b6857ae0 .event/or E_00000291b6857ae0/0, E_00000291b6857ae0/1, E_00000291b6857ae0/2, E_00000291b6857ae0/3;
E_00000291b68576a0 .event posedge, v00000291b68699a0_0, v00000291b69c68b0_0;
    .scope S_00000291b6869630;
T_0 ;
    %wait E_00000291b68576a0;
    %load/vec4 v00000291b68699a0_0;
    %flag_set/vec4 8;
    %jmp/0xz  T_0.0, 8;
    %pushi/vec4 0, 0, 32;
    %store/vec4 v00000291b69c66b0_0, 0, 32;
T_0.2 ;
    %load/vec4 v00000291b69c66b0_0;
    %cmpi/s 16, 0, 32;
    %jmp/0xz T_0.3, 5;
    %pushi/vec4 0, 0, 26;
    %ix/getv/s 3, v00000291b69c66b0_0;
    %ix/load 4, 0, 0; Constant delay
    %assign/vec4/a/d v00000291b6869900, 0, 4;
    ; show_stmt_assign_vector: Get l-value for compressed += operand
    %load/vec4 v00000291b69c66b0_0;
    %pushi/vec4 1, 0, 32;
    %add;
    %store/vec4 v00000291b69c66b0_0, 0, 32;
    %jmp T_0.2;
T_0.3 ;
    %jmp T_0.1;
T_0.0 ;
    %pushi/vec4 0, 0, 32;
    %store/vec4 v00000291b69c66b0_0, 0, 32;
T_0.4 ;
    %load/vec4 v00000291b69c66b0_0;
    %cmpi/s 16, 0, 32;
    %jmp/0xz T_0.5, 5;
    %load/vec4 v00000291b69c6a10_0;
    %pad/u 26;
    %ix/load 4, 10, 0;
    %flag_set/imm 4, 0;
    %shiftl 4;
    %ix/getv/s 3, v00000291b69c66b0_0;
    %ix/load 4, 0, 0; Constant delay
    %assign/vec4/a/d v00000291b6869900, 0, 4;
    ; show_stmt_assign_vector: Get l-value for compressed += operand
    %load/vec4 v00000291b69c66b0_0;
    %pushi/vec4 1, 0, 32;
    %add;
    %store/vec4 v00000291b69c66b0_0, 0, 32;
    %jmp T_0.4;
T_0.5 ;
T_0.1 ;
    %jmp T_0;
    .thread T_0;
    .scope S_00000291b6869630;
T_1 ;
    %wait E_00000291b6857ae0;
    %pushi/vec4 0, 0, 32;
    %store/vec4 v00000291b69c66b0_0, 0, 32;
T_1.0 ;
    %load/vec4 v00000291b69c66b0_0;
    %cmpi/s 16, 0, 32;
    %jmp/0xz T_1.1, 5;
    %ix/getv/s 4, v00000291b69c66b0_0;
    %load/vec4a v00000291b6869900, 4;
    %ix/load 5, 0, 0;
    %load/vec4 v00000291b69c66b0_0;
    %addi 1, 0, 32;
    %muli 26, 0, 32;
    %subi 1, 0, 32;
    %pad/s 34;
    %subi 25, 0, 34;
    %ix/vec4/s 4;
    %assign/vec4/off/d v00000291b6869860_0, 4, 5;
    %load/vec4 v00000291b69c66b0_0;
    %addi 1, 0, 32;
    %store/vec4 v00000291b69c66b0_0, 0, 32;
    %jmp T_1.0;
T_1.1 ;
    %jmp T_1;
    .thread T_1, $push;
    .scope S_00000291b69cbb20;
T_2 ;
    %pushi/vec4 0, 0, 1;
    %store/vec4 v00000291b6861aa0_0, 0, 1;
T_2.0 ;
    %delay 5, 0;
    %load/vec4 v00000291b6861aa0_0;
    %inv;
    %store/vec4 v00000291b6861aa0_0, 0, 1;
    %jmp T_2.0;
    %end;
    .thread T_2;
    .scope S_00000291b69cbb20;
T_3 ;
    %pushi/vec4 1, 0, 1;
    %assign/vec4 v00000291b6861c80_0, 0;
    %pushi/vec4 0, 0, 16;
    %assign/vec4 v00000291b6869a40_0, 0;
    %pushi/vec4 0, 0, 4;
    %assign/vec4 v00000291b6861b40_0, 0;
    %delay 10, 0;
    %pushi/vec4 0, 0, 1;
    %assign/vec4 v00000291b6861c80_0, 0;
    %pushi/vec4 10, 0, 16;
    %assign/vec4 v00000291b6869a40_0, 0;
    %pushi/vec4 4, 0, 4;
    %assign/vec4 v00000291b6861b40_0, 0;
    %delay 10, 0;
    %pushi/vec4 6, 0, 16;
    %assign/vec4 v00000291b6869a40_0, 0;
    %pushi/vec4 4, 0, 4;
    %assign/vec4 v00000291b6861b40_0, 0;
    %delay 20, 0;
    %vpi_call 2 57 "$finish" {0 0 0};
    %end;
    .thread T_3;
    .scope S_00000291b69cbb20;
T_4 ;
    %vpi_call 2 62 "$monitor", "Time: %t | Reset: %b | Binary Data: %b | Index: %d | Poly Coeff: %d", $time, v00000291b6861c80_0, v00000291b6869a40_0, v00000291b6861b40_0, v00000291b6861be0_0 {0 0 0};
    %end;
    .thread T_4;
# The file index is used to find the file name in the following table.
:file_names 4;
    "N/A";
    "<interactive>";
    "Encoder_tb.v";
    "./Encoder.v";
